2025-04-25 10:58:09,117 - coupang_crawler - INFO - 쿠팡 크롤러 초기화
2025-04-25 10:58:09,119 - coupang_crawler - INFO - 설정 파일 로드 완료: crawler_config.json
2025-04-25 10:58:09,120 - coupang_crawler - INFO - 셀렉터 파일 로드 완료: selectors.json
2025-04-25 10:58:09,120 - coupang_crawler - INFO - 자동 재시작: 활성화
2025-04-25 10:58:09,120 - coupang_crawler - INFO - URL 대기 시간 설정: {'min': 15, 'max': 30}초
2025-04-25 10:58:09,120 - coupang_crawler - INFO - 배치 대기 시간 설정: {'min': 25, 'max': 70}초
2025-04-25 10:58:09,121 - coupang_crawler - INFO - 차단 감지 시 대기 시간: 1200초 (20분)
2025-04-25 10:58:09,121 - coupang_crawler - INFO - 파일 로드 중: crawling-source.xlsx
2025-04-25 10:58:09,125 - coupang_crawler - ERROR - 오류 발생: Missing optional dependency 'openpyxl'.  Use pip or conda to install openpyxl.
2025-04-25 10:58:09,130 - coupang_crawler - ERROR - Traceback (most recent call last):
  File "C:\Users\admin\Desktop\aws\coupang_crawler\venv\lib\site-packages\pandas\compat\_optional.py", line 135, in import_optional_dependency
    module = importlib.import_module(name)
  File "C:\Users\admin\AppData\Local\Programs\Python\Python310\lib\importlib\__init__.py", line 126, in import_module
    return _bootstrap._gcd_import(name[level:], package, level)
  File "<frozen importlib._bootstrap>", line 1050, in _gcd_import
  File "<frozen importlib._bootstrap>", line 1027, in _find_and_load
  File "<frozen importlib._bootstrap>", line 1004, in _find_and_load_unlocked
ModuleNotFoundError: No module named 'openpyxl'

During handling of the above exception, another exception occurred:

Traceback (most recent call last):
  File "C:\Users\admin\Desktop\aws\coupang_crawler\main.py", line 825, in process_urls
    df = pd.read_excel(xlsx_file_path)
  File "C:\Users\admin\Desktop\aws\coupang_crawler\venv\lib\site-packages\pandas\io\excel\_base.py", line 495, in read_excel
    io = ExcelFile(
  File "C:\Users\admin\Desktop\aws\coupang_crawler\venv\lib\site-packages\pandas\io\excel\_base.py", line 1567, in __init__
    self._reader = self._engines[engine](
  File "C:\Users\admin\Desktop\aws\coupang_crawler\venv\lib\site-packages\pandas\io\excel\_openpyxl.py", line 552, in __init__
    import_optional_dependency("openpyxl")
  File "C:\Users\admin\Desktop\aws\coupang_crawler\venv\lib\site-packages\pandas\compat\_optional.py", line 138, in import_optional_dependency
    raise ImportError(msg)
ImportError: Missing optional dependency 'openpyxl'.  Use pip or conda to install openpyxl.

